android/build/intermediates/manifest_merge_blame_file/debug/processDebugManifest/manifest-merger-blame-debug-report.txt
1<?xml version="1.0" encoding="utf-8"?>
2<manifest xmlns:android="http://schemas.android.com/apk/res/android"
3    package="com.aqualink.soildevicesdk" >
4
5    <uses-sdk android:minSdkVersion="24" />
6
7    <uses-feature android:name="android.hardware.usb.host" />
7-->src/main/AndroidManifest.xml:4:3-60
7-->src/main/AndroidManifest.xml:4:17-57
8
9</manifest>